Running main() from gtest_main.cc
[==========] Running 3 tests from 2 test suites.
[----------] Global test environment set-up.
[----------] 2 tests from GeoSuite
[ RUN      ] GeoSuite.AddsPoints
[       OK ] GeoSuite.AddsPoints (0 ms)
[ RUN      ] GeoSuite.DetectsDrift
gt.cpp:5: Failure
Expected equality of these values:
  2 + 2
    Which is: 4
  5
arithmetic drifted
[  FAILED  ] GeoSuite.DetectsDrift (1 ms)
[----------] 2 tests from GeoSuite (1 ms total)

[----------] 1 test from TextSuite
[ RUN      ] TextSuite.TrimsBlanks
[       OK ] TextSuite.TrimsBlanks (0 ms)
[----------] 1 test from TextSuite (0 ms total)

[----------] Global test environment tear-down
[==========] 3 tests from 2 test suites ran. (2 ms total)
[  PASSED  ] 2 tests.
[  FAILED  ] 1 test, listed below:
[  FAILED  ] GeoSuite.DetectsDrift

 1 FAILED TEST
